


ARM Macro Assembler    Page 1 


    1 00000000         ;******************** (C) COPYRIGHT 2011 STMicroelectron
                       ics ********************
    2 00000000         ;* File Name          : startup_stm32f10x_md.s
    3 00000000         ;* Author             : MCD Application Team
    4 00000000         ;* Version            : V3.5.0
    5 00000000         ;* Date               : 11-March-2011
    6 00000000         ;* Description        : STM32F10x Medium Density Devices
                        vector table for MDK-ARM 
    7 00000000         ;*                      toolchain.  
    8 00000000         ;*                      This module performs:
    9 00000000         ;*                      - Set the initial SP
   10 00000000         ;*                      - Set the initial PC == Reset_Ha
                       ndler
   11 00000000         ;*                      - Set the vector table entries w
                       ith the exceptions ISR address
   12 00000000         ;*                      - Configure the clock system
   13 00000000         ;*                      - Branches to __main in the C li
                       brary (which eventually
   14 00000000         ;*                        calls main()).
   15 00000000         ;*                      After Reset the CortexM3 process
                       or is in Thread mode,
   16 00000000         ;*                      priority is Privileged, and the 
                       Stack is set to Main.
   17 00000000         ;* <<< Use Configuration Wizard in Context Menu >>>   
   18 00000000         ;*******************************************************
                       ************************
   19 00000000         ; THE PRESENT FIRMWARE WHICH IS FOR GUIDANCE ONLY AIMS A
                       T PROVIDING CUSTOMERS
   20 00000000         ; WITH CODING INFORMATION REGARDING THEIR PRODUCTS IN OR
                       DER FOR THEM TO SAVE TIME.
   21 00000000         ; AS A RESULT, STMICROELECTRONICS SHALL NOT BE HELD LIAB
                       LE FOR ANY DIRECT,
   22 00000000         ; INDIRECT OR CONSEQUENTIAL DAMAGES WITH RESPECT TO ANY 
                       CLAIMS ARISING FROM THE
   23 00000000         ; CONTENT OF SUCH FIRMWARE AND/OR THE USE MADE BY CUSTOM
                       ERS OF THE CODING
   24 00000000         ; INFORMATION CONTAINED HEREIN IN CONNECTION WITH THEIR 
                       PRODUCTS.
   25 00000000         ;*******************************************************
                       ************************
   26 00000000         
   27 00000000         ; Amount of memory (in bytes) allocated for Stack
   28 00000000         ; Tailor this value to your application needs
   29 00000000         ; <h> Stack Configuration
   30 00000000         ;   <o> Stack Size (in Bytes) <0x0-0xFFFFFFFF:8>
   31 00000000         ; </h>
   32 00000000         
   33 00000000 00001000 
                       Stack_Size
                               EQU              0x00001000
   34 00000000         
   35 00000000                 AREA             STACK, NOINIT, READWRITE, ALIGN
=3
   36 00000000         Stack_Mem
                               SPACE            Stack_Size
   37 00001000         __initial_sp
   38 00001000         
   39 00001000         
   40 00001000         ; <h> Heap Configuration



ARM Macro Assembler    Page 2 


   41 00001000         ;   <o>  Heap Size (in Bytes) <0x0-0xFFFFFFFF:8>
   42 00001000         ; </h>
   43 00001000         
   44 00001000 00000200 
                       Heap_Size
                               EQU              0x00000200
   45 00001000         
   46 00001000                 AREA             HEAP, NOINIT, READWRITE, ALIGN=
3
   47 00000000         __heap_base
   48 00000000         Heap_Mem
                               SPACE            Heap_Size
   49 00000200         __heap_limit
   50 00000200         
   51 00000200                 PRESERVE8
   52 00000200                 THUMB
   53 00000200         
   54 00000200         
   55 00000200         ; Vector Table Mapped to Address 0 at Reset
   56 00000200                 AREA             RESET, DATA, READONLY
   57 00000000                 EXPORT           __Vectors
   58 00000000                 EXPORT           __Vectors_End
   59 00000000                 EXPORT           __Vectors_Size
   60 00000000         
   61 00000000 00000000 
                       __Vectors
                               DCD              __initial_sp ; Top of Stack
   62 00000004 00000000        DCD              Reset_Handler ; Reset Handler
   63 00000008 00000000        DCD              NMI_Handler ; NMI Handler
   64 0000000C 00000000        DCD              HardFault_Handler ; Hard Fault 
                                                            Handler
   65 00000010 00000000        DCD              MemManage_Handler 
                                                            ; MPU Fault Handler
                                                            
   66 00000014 00000000        DCD              BusFault_Handler 
                                                            ; Bus Fault Handler
                                                            
   67 00000018 00000000        DCD              UsageFault_Handler ; Usage Faul
                                                            t Handler
   68 0000001C 00000000        DCD              0           ; Reserved
   69 00000020 00000000        DCD              0           ; Reserved
   70 00000024 00000000        DCD              0           ; Reserved
   71 00000028 00000000        DCD              0           ; Reserved
   72 0000002C 00000000        DCD              SVC_Handler ; SVCall Handler
   73 00000030 00000000        DCD              DebugMon_Handler ; Debug Monito
                                                            r Handler
   74 00000034 00000000        DCD              0           ; Reserved
   75 00000038 00000000        DCD              PendSV_Handler ; PendSV Handler
                                                            
   76 0000003C 00000000        DCD              SysTick_Handler 
                                                            ; SysTick Handler
   77 00000040         
   78 00000040         ; External Interrupts
   79 00000040 00000000        DCD              WWDG_IRQHandler 
                                                            ; Window Watchdog
   80 00000044 00000000        DCD              PVD_IRQHandler ; PVD through EX
                                                            TI Line detect
   81 00000048 00000000        DCD              TAMPER_IRQHandler ; Tamper
   82 0000004C 00000000        DCD              RTC_IRQHandler ; RTC



ARM Macro Assembler    Page 3 


   83 00000050 00000000        DCD              FLASH_IRQHandler ; Flash
   84 00000054 00000000        DCD              RCC_IRQHandler ; RCC
   85 00000058 00000000        DCD              EXTI0_IRQHandler ; EXTI Line 0
   86 0000005C 00000000        DCD              EXTI1_IRQHandler ; EXTI Line 1
   87 00000060 00000000        DCD              EXTI2_IRQHandler ; EXTI Line 2
   88 00000064 00000000        DCD              EXTI3_IRQHandler ; EXTI Line 3
   89 00000068 00000000        DCD              EXTI4_IRQHandler ; EXTI Line 4
   90 0000006C 00000000        DCD              DMA1_Channel1_IRQHandler 
                                                            ; DMA1 Channel 1
   91 00000070 00000000        DCD              DMA1_Channel2_IRQHandler 
                                                            ; DMA1 Channel 2
   92 00000074 00000000        DCD              DMA1_Channel3_IRQHandler 
                                                            ; DMA1 Channel 3
   93 00000078 00000000        DCD              DMA1_Channel4_IRQHandler 
                                                            ; DMA1 Channel 4
   94 0000007C 00000000        DCD              DMA1_Channel5_IRQHandler 
                                                            ; DMA1 Channel 5
   95 00000080 00000000        DCD              DMA1_Channel6_IRQHandler 
                                                            ; DMA1 Channel 6
   96 00000084 00000000        DCD              DMA1_Channel7_IRQHandler 
                                                            ; DMA1 Channel 7
   97 00000088 00000000        DCD              ADC1_2_IRQHandler ; ADC1_2
   98 0000008C 00000000        DCD              USB_HP_CAN1_TX_IRQHandler ; USB
                                                             High Priority or C
                                                            AN1 TX
   99 00000090 00000000        DCD              USB_LP_CAN1_RX0_IRQHandler ; US
                                                            B Low  Priority or 
                                                            CAN1 RX0
  100 00000094 00000000        DCD              CAN1_RX1_IRQHandler ; CAN1 RX1
  101 00000098 00000000        DCD              CAN1_SCE_IRQHandler ; CAN1 SCE
  102 0000009C 00000000        DCD              EXTI9_5_IRQHandler 
                                                            ; EXTI Line 9..5
  103 000000A0 00000000        DCD              TIM1_BRK_IRQHandler 
                                                            ; TIM1 Break
  104 000000A4 00000000        DCD              TIM1_UP_IRQHandler 
                                                            ; TIM1 Update
  105 000000A8 00000000        DCD              TIM1_TRG_COM_IRQHandler ; TIM1 
                                                            Trigger and Commuta
                                                            tion
  106 000000AC 00000000        DCD              TIM1_CC_IRQHandler ; TIM1 Captu
                                                            re Compare
  107 000000B0 00000000        DCD              TIM2_IRQHandler ; TIM2
  108 000000B4 00000000        DCD              TIM3_IRQHandler ; TIM3
  109 000000B8 00000000        DCD              TIM4_IRQHandler ; TIM4
  110 000000BC 00000000        DCD              I2C1_EV_IRQHandler ; I2C1 Event
                                                            
  111 000000C0 00000000        DCD              I2C1_ER_IRQHandler ; I2C1 Error
                                                            
  112 000000C4 00000000        DCD              I2C2_EV_IRQHandler ; I2C2 Event
                                                            
  113 000000C8 00000000        DCD              I2C2_ER_IRQHandler ; I2C2 Error
                                                            
  114 000000CC 00000000        DCD              SPI1_IRQHandler ; SPI1
  115 000000D0 00000000        DCD              SPI2_IRQHandler ; SPI2
  116 000000D4 00000000        DCD              USART1_IRQHandler ; USART1
  117 000000D8 00000000        DCD              USART2_IRQHandler ; USART2
  118 000000DC 00000000        DCD              USART3_IRQHandler ; USART3
  119 000000E0 00000000        DCD              EXTI15_10_IRQHandler 
                                                            ; EXTI Line 15..10



ARM Macro Assembler    Page 4 


  120 000000E4 00000000        DCD              RTCAlarm_IRQHandler ; RTC Alarm
                                                             through EXTI Line
  121 000000E8 00000000        DCD              USBWakeUp_IRQHandler ; USB Wake
                                                            up from suspend
  122 000000EC         __Vectors_End
  123 000000EC         
  124 000000EC 000000EC 
                       __Vectors_Size
                               EQU              __Vectors_End - __Vectors
  125 000000EC         
  126 000000EC                 AREA             |.text|, CODE, READONLY
  127 00000000         
  128 00000000         ; Reset handler
  129 00000000         Reset_Handler
                               PROC
  130 00000000                 EXPORT           Reset_Handler             [WEAK
]
  131 00000000                 IMPORT           __main
  132 00000000                 IMPORT           SystemInit
  133 00000000 4814            LDR              R0, =0x20004FF0
  134 00000002 4915            LDR              R1, =0xDEADBEEF
  135 00000004 6802            LDR              R2, [R0, #0]
  136 00000006 6000            STR              R0, [R0, #0] ; Invalidate
  137 00000008 428A            CMP              R2, R1
  138 0000000A D0FE            BEQ              Reboot_Loader
  139 0000000C 4813            LDR              R0, =SystemInit
  140 0000000E 4780            BLX              R0
  141 00000010 4813            LDR              R0, =__main
  142 00000012 4700            BX               R0
  143 00000014                 ENDP
  144 00000014         
  145 00000014 40021018 
                       RCC_APB2ENR
                               EQU              0x40021018
  146 00000014 00000009 
                       GPIO_AFIO_MASK
                               EQU              0x00000009
  147 00000014 40010C00 
                       GPIOB_CRL
                               EQU              0x40010C00
  148 00000014 40010C14 
                       GPIOB_BRR
                               EQU              0x40010C14
  149 00000014 40010004 
                       AFIO_MAPR
                               EQU              0x40010004
  150 00000014         
  151 00000014         Reboot_Loader
                               PROC
  152 00000014                 EXPORT           Reboot_Loader
  153 00000014         
  154 00000014         ; RCC Enable GPIOB+AFIO
  155 00000014 4E13            LDR              R6, =RCC_APB2ENR
  156 00000016 F04F 0009       LDR              R0, =GPIO_AFIO_MASK
  157 0000001A 6030            STR              R0, [R6]
  158 0000001C         ; MAPR pt1
  159 0000001C 4812            LDR              R0, =AFIO_MAPR
  160 0000001E 6801            LDR              R1, [R0]
  161 00000020 F021 6170       BIC              R1, R1, #0xF000000



ARM Macro Assembler    Page 5 


  162 00000024 6001            STR              R1, [R0]
  163 00000026         ; MAPR pt2
  164 00000026 0241            LSLS             R1, R0, #9
  165 00000028 6001            STR              R1, [R0]
  166 0000002A         ; BRR
  167 0000002A 4C10            LDR              R4, =GPIOB_BRR
  168 0000002C 2018            MOVS             R0, #0x18
  169 0000002E 6020            STR              R0, [R4]
  170 00000030         ; CRL
  171 00000030 490F            LDR              R1, =GPIOB_CRL
  172 00000032 4810            LDR              R0, =0x44433444
  173 00000034 6008            STR              R0, [R1]
  174 00000036         ; Reboot to ROM
  175 00000036 4810            LDR              R0, =0x1FFFF000
  176 00000038 F8D0 D000       LDR              SP,[R0, #0]
  177 0000003C 6840            LDR              R0,[R0, #4]
  178 0000003E 4700            BX               R0
  179 00000040                 ENDP
  180 00000040         
  181 00000040         ; Dummy Exception Handlers (infinite loops which can be 
                       modified)
  182 00000040         
  183 00000040         NMI_Handler
                               PROC
  184 00000040                 EXPORT           NMI_Handler                [WEA
K]
  185 00000040 E7FE            B                .
  186 00000042                 ENDP
  188 00000042         HardFault_Handler
                               PROC
  189 00000042                 EXPORT           HardFault_Handler          [WEA
K]
  190 00000042 E7FE            B                .
  191 00000044                 ENDP
  193 00000044         MemManage_Handler
                               PROC
  194 00000044                 EXPORT           MemManage_Handler          [WEA
K]
  195 00000044 E7FE            B                .
  196 00000046                 ENDP
  198 00000046         BusFault_Handler
                               PROC
  199 00000046                 EXPORT           BusFault_Handler           [WEA
K]
  200 00000046 E7FE            B                .
  201 00000048                 ENDP
  203 00000048         UsageFault_Handler
                               PROC
  204 00000048                 EXPORT           UsageFault_Handler         [WEA
K]
  205 00000048 E7FE            B                .
  206 0000004A                 ENDP
  207 0000004A         SVC_Handler
                               PROC
  208 0000004A                 EXPORT           SVC_Handler                [WEA
K]
  209 0000004A E7FE            B                .
  210 0000004C                 ENDP
  212 0000004C         DebugMon_Handler



ARM Macro Assembler    Page 6 


                               PROC
  213 0000004C                 EXPORT           DebugMon_Handler           [WEA
K]
  214 0000004C E7FE            B                .
  215 0000004E                 ENDP
  216 0000004E         PendSV_Handler
                               PROC
  217 0000004E                 EXPORT           PendSV_Handler             [WEA
K]
  218 0000004E E7FE            B                .
  219 00000050                 ENDP
  220 00000050         SysTick_Handler
                               PROC
  221 00000050                 EXPORT           SysTick_Handler            [WEA
K]
  222 00000050 E7FE            B                .
  223 00000052                 ENDP
  224 00000052         
  225 00000052         Default_Handler
                               PROC
  226 00000052         
  227 00000052                 EXPORT           WWDG_IRQHandler            [WEA
K]
  228 00000052                 EXPORT           PVD_IRQHandler             [WEA
K]
  229 00000052                 EXPORT           TAMPER_IRQHandler          [WEA
K]
  230 00000052                 EXPORT           RTC_IRQHandler             [WEA
K]
  231 00000052                 EXPORT           FLASH_IRQHandler           [WEA
K]
  232 00000052                 EXPORT           RCC_IRQHandler             [WEA
K]
  233 00000052                 EXPORT           EXTI0_IRQHandler           [WEA
K]
  234 00000052                 EXPORT           EXTI1_IRQHandler           [WEA
K]
  235 00000052                 EXPORT           EXTI2_IRQHandler           [WEA
K]
  236 00000052                 EXPORT           EXTI3_IRQHandler           [WEA
K]
  237 00000052                 EXPORT           EXTI4_IRQHandler           [WEA
K]
  238 00000052                 EXPORT           DMA1_Channel1_IRQHandler   [WEA
K]
  239 00000052                 EXPORT           DMA1_Channel2_IRQHandler   [WEA
K]
  240 00000052                 EXPORT           DMA1_Channel3_IRQHandler   [WEA
K]
  241 00000052                 EXPORT           DMA1_Channel4_IRQHandler   [WEA
K]
  242 00000052                 EXPORT           DMA1_Channel5_IRQHandler   [WEA
K]
  243 00000052                 EXPORT           DMA1_Channel6_IRQHandler   [WEA
K]
  244 00000052                 EXPORT           DMA1_Channel7_IRQHandler   [WEA
K]
  245 00000052                 EXPORT           ADC1_2_IRQHandler          [WEA
K]



ARM Macro Assembler    Page 7 


  246 00000052                 EXPORT           USB_HP_CAN1_TX_IRQHandler  [WEA
K]
  247 00000052                 EXPORT           USB_LP_CAN1_RX0_IRQHandler [WEA
K]
  248 00000052                 EXPORT           CAN1_RX1_IRQHandler        [WEA
K]
  249 00000052                 EXPORT           CAN1_SCE_IRQHandler        [WEA
K]
  250 00000052                 EXPORT           EXTI9_5_IRQHandler         [WEA
K]
  251 00000052                 EXPORT           TIM1_BRK_IRQHandler        [WEA
K]
  252 00000052                 EXPORT           TIM1_UP_IRQHandler         [WEA
K]
  253 00000052                 EXPORT           TIM1_TRG_COM_IRQHandler    [WEA
K]
  254 00000052                 EXPORT           TIM1_CC_IRQHandler         [WEA
K]
  255 00000052                 EXPORT           TIM2_IRQHandler            [WEA
K]
  256 00000052                 EXPORT           TIM3_IRQHandler            [WEA
K]
  257 00000052                 EXPORT           TIM4_IRQHandler            [WEA
K]
  258 00000052                 EXPORT           I2C1_EV_IRQHandler         [WEA
K]
  259 00000052                 EXPORT           I2C1_ER_IRQHandler         [WEA
K]
  260 00000052                 EXPORT           I2C2_EV_IRQHandler         [WEA
K]
  261 00000052                 EXPORT           I2C2_ER_IRQHandler         [WEA
K]
  262 00000052                 EXPORT           SPI1_IRQHandler            [WEA
K]
  263 00000052                 EXPORT           SPI2_IRQHandler            [WEA
K]
  264 00000052                 EXPORT           USART1_IRQHandler          [WEA
K]
  265 00000052                 EXPORT           USART2_IRQHandler          [WEA
K]
  266 00000052                 EXPORT           USART3_IRQHandler          [WEA
K]
  267 00000052                 EXPORT           EXTI15_10_IRQHandler       [WEA
K]
  268 00000052                 EXPORT           RTCAlarm_IRQHandler        [WEA
K]
  269 00000052                 EXPORT           USBWakeUp_IRQHandler       [WEA
K]
  270 00000052         
  271 00000052         WWDG_IRQHandler
  272 00000052         PVD_IRQHandler
  273 00000052         TAMPER_IRQHandler
  274 00000052         RTC_IRQHandler
  275 00000052         FLASH_IRQHandler
  276 00000052         RCC_IRQHandler
  277 00000052         EXTI0_IRQHandler
  278 00000052         EXTI1_IRQHandler
  279 00000052         EXTI2_IRQHandler
  280 00000052         EXTI3_IRQHandler



ARM Macro Assembler    Page 8 


  281 00000052         EXTI4_IRQHandler
  282 00000052         DMA1_Channel1_IRQHandler
  283 00000052         DMA1_Channel2_IRQHandler
  284 00000052         DMA1_Channel3_IRQHandler
  285 00000052         DMA1_Channel4_IRQHandler
  286 00000052         DMA1_Channel5_IRQHandler
  287 00000052         DMA1_Channel6_IRQHandler
  288 00000052         DMA1_Channel7_IRQHandler
  289 00000052         ADC1_2_IRQHandler
  290 00000052         USB_HP_CAN1_TX_IRQHandler
  291 00000052         USB_LP_CAN1_RX0_IRQHandler
  292 00000052         CAN1_RX1_IRQHandler
  293 00000052         CAN1_SCE_IRQHandler
  294 00000052         EXTI9_5_IRQHandler
  295 00000052         TIM1_BRK_IRQHandler
  296 00000052         TIM1_UP_IRQHandler
  297 00000052         TIM1_TRG_COM_IRQHandler
  298 00000052         TIM1_CC_IRQHandler
  299 00000052         TIM2_IRQHandler
  300 00000052         TIM3_IRQHandler
  301 00000052         TIM4_IRQHandler
  302 00000052         I2C1_EV_IRQHandler
  303 00000052         I2C1_ER_IRQHandler
  304 00000052         I2C2_EV_IRQHandler
  305 00000052         I2C2_ER_IRQHandler
  306 00000052         SPI1_IRQHandler
  307 00000052         SPI2_IRQHandler
  308 00000052         USART1_IRQHandler
  309 00000052         USART2_IRQHandler
  310 00000052         USART3_IRQHandler
  311 00000052         EXTI15_10_IRQHandler
  312 00000052         RTCAlarm_IRQHandler
  313 00000052         USBWakeUp_IRQHandler
  314 00000052         
  315 00000052 E7FE            B                .
  316 00000054         
  317 00000054                 ENDP
  318 00000054         
  319 00000054                 ALIGN
  320 00000054         
  321 00000054         ;*******************************************************
                       ************************
  322 00000054         ; User Stack and Heap initialization
  323 00000054         ;*******************************************************
                       ************************
  324 00000054                 IF               :DEF:__MICROLIB
  325 00000054         
  326 00000054                 EXPORT           __initial_sp
  327 00000054                 EXPORT           __heap_base
  328 00000054                 EXPORT           __heap_limit
  329 00000054         
  330 00000054                 ELSE
  345                          ENDIF
  346 00000054         
  347 00000054                 END
              20004FF0 
              DEADBEEF 
              00000000 
              00000000 



ARM Macro Assembler    Page 9 


              40021018 
              40010004 
              40010C14 
              40010C00 
              44433444 
              1FFFF000 
Command Line: --debug --xref --cpu=Cortex-M3 --apcs=interwork --depend=.\obj\st
artup_stm32f10x_md.d -o.\obj\startup_stm32f10x_md.o -ID:\Keil\ARM\RV31\Inc -ID:
\Keil\ARM\CMSIS\Include -ID:\Keil\ARM\Inc\ST\STM32F10x --predefine="__MICROLIB 
SETA 1" --list=.\obj\startup_stm32f10x_md.lst src\baseflight_startups\startup_s
tm32f10x_md.s



ARM Macro Assembler    Page 1 Alphabetic symbol ordering
Relocatable symbols

STACK 00000000

Symbol: STACK
   Definitions
      At line 35 in file src\baseflight_startups\startup_stm32f10x_md.s
   Uses
      None
Comment: STACK unused
Stack_Mem 00000000

Symbol: Stack_Mem
   Definitions
      At line 36 in file src\baseflight_startups\startup_stm32f10x_md.s
   Uses
      None
Comment: Stack_Mem unused
__initial_sp 00001000

Symbol: __initial_sp
   Definitions
      At line 37 in file src\baseflight_startups\startup_stm32f10x_md.s
   Uses
      At line 61 in file src\baseflight_startups\startup_stm32f10x_md.s
      At line 326 in file src\baseflight_startups\startup_stm32f10x_md.s

3 symbols



ARM Macro Assembler    Page 1 Alphabetic symbol ordering
Relocatable symbols

HEAP 00000000

Symbol: HEAP
   Definitions
      At line 46 in file src\baseflight_startups\startup_stm32f10x_md.s
   Uses
      None
Comment: HEAP unused
Heap_Mem 00000000

Symbol: Heap_Mem
   Definitions
      At line 48 in file src\baseflight_startups\startup_stm32f10x_md.s
   Uses
      None
Comment: Heap_Mem unused
__heap_base 00000000

Symbol: __heap_base
   Definitions
      At line 47 in file src\baseflight_startups\startup_stm32f10x_md.s
   Uses
      At line 327 in file src\baseflight_startups\startup_stm32f10x_md.s
Comment: __heap_base used once
__heap_limit 00000200

Symbol: __heap_limit
   Definitions
      At line 49 in file src\baseflight_startups\startup_stm32f10x_md.s
   Uses
      At line 328 in file src\baseflight_startups\startup_stm32f10x_md.s
Comment: __heap_limit used once
4 symbols



ARM Macro Assembler    Page 1 Alphabetic symbol ordering
Relocatable symbols

RESET 00000000

Symbol: RESET
   Definitions
      At line 56 in file src\baseflight_startups\startup_stm32f10x_md.s
   Uses
      None
Comment: RESET unused
__Vectors 00000000

Symbol: __Vectors
   Definitions
      At line 61 in file src\baseflight_startups\startup_stm32f10x_md.s
   Uses
      At line 57 in file src\baseflight_startups\startup_stm32f10x_md.s
      At line 124 in file src\baseflight_startups\startup_stm32f10x_md.s

__Vectors_End 000000EC

Symbol: __Vectors_End
   Definitions
      At line 122 in file src\baseflight_startups\startup_stm32f10x_md.s
   Uses
      At line 58 in file src\baseflight_startups\startup_stm32f10x_md.s
      At line 124 in file src\baseflight_startups\startup_stm32f10x_md.s

3 symbols



ARM Macro Assembler    Page 1 Alphabetic symbol ordering
Relocatable symbols

.text 00000000

Symbol: .text
   Definitions
      At line 126 in file src\baseflight_startups\startup_stm32f10x_md.s
   Uses
      None
Comment: .text unused
ADC1_2_IRQHandler 00000052

Symbol: ADC1_2_IRQHandler
   Definitions
      At line 289 in file src\baseflight_startups\startup_stm32f10x_md.s
   Uses
      At line 97 in file src\baseflight_startups\startup_stm32f10x_md.s
      At line 245 in file src\baseflight_startups\startup_stm32f10x_md.s

BusFault_Handler 00000046

Symbol: BusFault_Handler
   Definitions
      At line 198 in file src\baseflight_startups\startup_stm32f10x_md.s
   Uses
      At line 66 in file src\baseflight_startups\startup_stm32f10x_md.s
      At line 199 in file src\baseflight_startups\startup_stm32f10x_md.s

CAN1_RX1_IRQHandler 00000052

Symbol: CAN1_RX1_IRQHandler
   Definitions
      At line 292 in file src\baseflight_startups\startup_stm32f10x_md.s
   Uses
      At line 100 in file src\baseflight_startups\startup_stm32f10x_md.s
      At line 248 in file src\baseflight_startups\startup_stm32f10x_md.s

CAN1_SCE_IRQHandler 00000052

Symbol: CAN1_SCE_IRQHandler
   Definitions
      At line 293 in file src\baseflight_startups\startup_stm32f10x_md.s
   Uses
      At line 101 in file src\baseflight_startups\startup_stm32f10x_md.s
      At line 249 in file src\baseflight_startups\startup_stm32f10x_md.s

DMA1_Channel1_IRQHandler 00000052

Symbol: DMA1_Channel1_IRQHandler
   Definitions
      At line 282 in file src\baseflight_startups\startup_stm32f10x_md.s
   Uses
      At line 90 in file src\baseflight_startups\startup_stm32f10x_md.s
      At line 238 in file src\baseflight_startups\startup_stm32f10x_md.s

DMA1_Channel2_IRQHandler 00000052

Symbol: DMA1_Channel2_IRQHandler
   Definitions
      At line 283 in file src\baseflight_startups\startup_stm32f10x_md.s
   Uses



ARM Macro Assembler    Page 2 Alphabetic symbol ordering
Relocatable symbols

      At line 91 in file src\baseflight_startups\startup_stm32f10x_md.s
      At line 239 in file src\baseflight_startups\startup_stm32f10x_md.s

DMA1_Channel3_IRQHandler 00000052

Symbol: DMA1_Channel3_IRQHandler
   Definitions
      At line 284 in file src\baseflight_startups\startup_stm32f10x_md.s
   Uses
      At line 92 in file src\baseflight_startups\startup_stm32f10x_md.s
      At line 240 in file src\baseflight_startups\startup_stm32f10x_md.s

DMA1_Channel4_IRQHandler 00000052

Symbol: DMA1_Channel4_IRQHandler
   Definitions
      At line 285 in file src\baseflight_startups\startup_stm32f10x_md.s
   Uses
      At line 93 in file src\baseflight_startups\startup_stm32f10x_md.s
      At line 241 in file src\baseflight_startups\startup_stm32f10x_md.s

DMA1_Channel5_IRQHandler 00000052

Symbol: DMA1_Channel5_IRQHandler
   Definitions
      At line 286 in file src\baseflight_startups\startup_stm32f10x_md.s
   Uses
      At line 94 in file src\baseflight_startups\startup_stm32f10x_md.s
      At line 242 in file src\baseflight_startups\startup_stm32f10x_md.s

DMA1_Channel6_IRQHandler 00000052

Symbol: DMA1_Channel6_IRQHandler
   Definitions
      At line 287 in file src\baseflight_startups\startup_stm32f10x_md.s
   Uses
      At line 95 in file src\baseflight_startups\startup_stm32f10x_md.s
      At line 243 in file src\baseflight_startups\startup_stm32f10x_md.s

DMA1_Channel7_IRQHandler 00000052

Symbol: DMA1_Channel7_IRQHandler
   Definitions
      At line 288 in file src\baseflight_startups\startup_stm32f10x_md.s
   Uses
      At line 96 in file src\baseflight_startups\startup_stm32f10x_md.s
      At line 244 in file src\baseflight_startups\startup_stm32f10x_md.s

DebugMon_Handler 0000004C

Symbol: DebugMon_Handler
   Definitions
      At line 212 in file src\baseflight_startups\startup_stm32f10x_md.s
   Uses
      At line 73 in file src\baseflight_startups\startup_stm32f10x_md.s
      At line 213 in file src\baseflight_startups\startup_stm32f10x_md.s

Default_Handler 00000052




ARM Macro Assembler    Page 3 Alphabetic symbol ordering
Relocatable symbols

Symbol: Default_Handler
   Definitions
      At line 225 in file src\baseflight_startups\startup_stm32f10x_md.s
   Uses
      None
Comment: Default_Handler unused
EXTI0_IRQHandler 00000052

Symbol: EXTI0_IRQHandler
   Definitions
      At line 277 in file src\baseflight_startups\startup_stm32f10x_md.s
   Uses
      At line 85 in file src\baseflight_startups\startup_stm32f10x_md.s
      At line 233 in file src\baseflight_startups\startup_stm32f10x_md.s

EXTI15_10_IRQHandler 00000052

Symbol: EXTI15_10_IRQHandler
   Definitions
      At line 311 in file src\baseflight_startups\startup_stm32f10x_md.s
   Uses
      At line 119 in file src\baseflight_startups\startup_stm32f10x_md.s
      At line 267 in file src\baseflight_startups\startup_stm32f10x_md.s

EXTI1_IRQHandler 00000052

Symbol: EXTI1_IRQHandler
   Definitions
      At line 278 in file src\baseflight_startups\startup_stm32f10x_md.s
   Uses
      At line 86 in file src\baseflight_startups\startup_stm32f10x_md.s
      At line 234 in file src\baseflight_startups\startup_stm32f10x_md.s

EXTI2_IRQHandler 00000052

Symbol: EXTI2_IRQHandler
   Definitions
      At line 279 in file src\baseflight_startups\startup_stm32f10x_md.s
   Uses
      At line 87 in file src\baseflight_startups\startup_stm32f10x_md.s
      At line 235 in file src\baseflight_startups\startup_stm32f10x_md.s

EXTI3_IRQHandler 00000052

Symbol: EXTI3_IRQHandler
   Definitions
      At line 280 in file src\baseflight_startups\startup_stm32f10x_md.s
   Uses
      At line 88 in file src\baseflight_startups\startup_stm32f10x_md.s
      At line 236 in file src\baseflight_startups\startup_stm32f10x_md.s

EXTI4_IRQHandler 00000052

Symbol: EXTI4_IRQHandler
   Definitions
      At line 281 in file src\baseflight_startups\startup_stm32f10x_md.s
   Uses
      At line 89 in file src\baseflight_startups\startup_stm32f10x_md.s
      At line 237 in file src\baseflight_startups\startup_stm32f10x_md.s



ARM Macro Assembler    Page 4 Alphabetic symbol ordering
Relocatable symbols


EXTI9_5_IRQHandler 00000052

Symbol: EXTI9_5_IRQHandler
   Definitions
      At line 294 in file src\baseflight_startups\startup_stm32f10x_md.s
   Uses
      At line 102 in file src\baseflight_startups\startup_stm32f10x_md.s
      At line 250 in file src\baseflight_startups\startup_stm32f10x_md.s

FLASH_IRQHandler 00000052

Symbol: FLASH_IRQHandler
   Definitions
      At line 275 in file src\baseflight_startups\startup_stm32f10x_md.s
   Uses
      At line 83 in file src\baseflight_startups\startup_stm32f10x_md.s
      At line 231 in file src\baseflight_startups\startup_stm32f10x_md.s

HardFault_Handler 00000042

Symbol: HardFault_Handler
   Definitions
      At line 188 in file src\baseflight_startups\startup_stm32f10x_md.s
   Uses
      At line 64 in file src\baseflight_startups\startup_stm32f10x_md.s
      At line 189 in file src\baseflight_startups\startup_stm32f10x_md.s

I2C1_ER_IRQHandler 00000052

Symbol: I2C1_ER_IRQHandler
   Definitions
      At line 303 in file src\baseflight_startups\startup_stm32f10x_md.s
   Uses
      At line 111 in file src\baseflight_startups\startup_stm32f10x_md.s
      At line 259 in file src\baseflight_startups\startup_stm32f10x_md.s

I2C1_EV_IRQHandler 00000052

Symbol: I2C1_EV_IRQHandler
   Definitions
      At line 302 in file src\baseflight_startups\startup_stm32f10x_md.s
   Uses
      At line 110 in file src\baseflight_startups\startup_stm32f10x_md.s
      At line 258 in file src\baseflight_startups\startup_stm32f10x_md.s

I2C2_ER_IRQHandler 00000052

Symbol: I2C2_ER_IRQHandler
   Definitions
      At line 305 in file src\baseflight_startups\startup_stm32f10x_md.s
   Uses
      At line 113 in file src\baseflight_startups\startup_stm32f10x_md.s
      At line 261 in file src\baseflight_startups\startup_stm32f10x_md.s

I2C2_EV_IRQHandler 00000052

Symbol: I2C2_EV_IRQHandler
   Definitions



ARM Macro Assembler    Page 5 Alphabetic symbol ordering
Relocatable symbols

      At line 304 in file src\baseflight_startups\startup_stm32f10x_md.s
   Uses
      At line 112 in file src\baseflight_startups\startup_stm32f10x_md.s
      At line 260 in file src\baseflight_startups\startup_stm32f10x_md.s

MemManage_Handler 00000044

Symbol: MemManage_Handler
   Definitions
      At line 193 in file src\baseflight_startups\startup_stm32f10x_md.s
   Uses
      At line 65 in file src\baseflight_startups\startup_stm32f10x_md.s
      At line 194 in file src\baseflight_startups\startup_stm32f10x_md.s

NMI_Handler 00000040

Symbol: NMI_Handler
   Definitions
      At line 183 in file src\baseflight_startups\startup_stm32f10x_md.s
   Uses
      At line 63 in file src\baseflight_startups\startup_stm32f10x_md.s
      At line 184 in file src\baseflight_startups\startup_stm32f10x_md.s

PVD_IRQHandler 00000052

Symbol: PVD_IRQHandler
   Definitions
      At line 272 in file src\baseflight_startups\startup_stm32f10x_md.s
   Uses
      At line 80 in file src\baseflight_startups\startup_stm32f10x_md.s
      At line 228 in file src\baseflight_startups\startup_stm32f10x_md.s

PendSV_Handler 0000004E

Symbol: PendSV_Handler
   Definitions
      At line 216 in file src\baseflight_startups\startup_stm32f10x_md.s
   Uses
      At line 75 in file src\baseflight_startups\startup_stm32f10x_md.s
      At line 217 in file src\baseflight_startups\startup_stm32f10x_md.s

RCC_IRQHandler 00000052

Symbol: RCC_IRQHandler
   Definitions
      At line 276 in file src\baseflight_startups\startup_stm32f10x_md.s
   Uses
      At line 84 in file src\baseflight_startups\startup_stm32f10x_md.s
      At line 232 in file src\baseflight_startups\startup_stm32f10x_md.s

RTCAlarm_IRQHandler 00000052

Symbol: RTCAlarm_IRQHandler
   Definitions
      At line 312 in file src\baseflight_startups\startup_stm32f10x_md.s
   Uses
      At line 120 in file src\baseflight_startups\startup_stm32f10x_md.s
      At line 268 in file src\baseflight_startups\startup_stm32f10x_md.s




ARM Macro Assembler    Page 6 Alphabetic symbol ordering
Relocatable symbols

RTC_IRQHandler 00000052

Symbol: RTC_IRQHandler
   Definitions
      At line 274 in file src\baseflight_startups\startup_stm32f10x_md.s
   Uses
      At line 82 in file src\baseflight_startups\startup_stm32f10x_md.s
      At line 230 in file src\baseflight_startups\startup_stm32f10x_md.s

Reboot_Loader 00000014

Symbol: Reboot_Loader
   Definitions
      At line 151 in file src\baseflight_startups\startup_stm32f10x_md.s
   Uses
      At line 138 in file src\baseflight_startups\startup_stm32f10x_md.s
      At line 152 in file src\baseflight_startups\startup_stm32f10x_md.s

Reset_Handler 00000000

Symbol: Reset_Handler
   Definitions
      At line 129 in file src\baseflight_startups\startup_stm32f10x_md.s
   Uses
      At line 62 in file src\baseflight_startups\startup_stm32f10x_md.s
      At line 130 in file src\baseflight_startups\startup_stm32f10x_md.s

SPI1_IRQHandler 00000052

Symbol: SPI1_IRQHandler
   Definitions
      At line 306 in file src\baseflight_startups\startup_stm32f10x_md.s
   Uses
      At line 114 in file src\baseflight_startups\startup_stm32f10x_md.s
      At line 262 in file src\baseflight_startups\startup_stm32f10x_md.s

SPI2_IRQHandler 00000052

Symbol: SPI2_IRQHandler
   Definitions
      At line 307 in file src\baseflight_startups\startup_stm32f10x_md.s
   Uses
      At line 115 in file src\baseflight_startups\startup_stm32f10x_md.s
      At line 263 in file src\baseflight_startups\startup_stm32f10x_md.s

SVC_Handler 0000004A

Symbol: SVC_Handler
   Definitions
      At line 207 in file src\baseflight_startups\startup_stm32f10x_md.s
   Uses
      At line 72 in file src\baseflight_startups\startup_stm32f10x_md.s
      At line 208 in file src\baseflight_startups\startup_stm32f10x_md.s

SysTick_Handler 00000050

Symbol: SysTick_Handler
   Definitions
      At line 220 in file src\baseflight_startups\startup_stm32f10x_md.s



ARM Macro Assembler    Page 7 Alphabetic symbol ordering
Relocatable symbols

   Uses
      At line 76 in file src\baseflight_startups\startup_stm32f10x_md.s
      At line 221 in file src\baseflight_startups\startup_stm32f10x_md.s

TAMPER_IRQHandler 00000052

Symbol: TAMPER_IRQHandler
   Definitions
      At line 273 in file src\baseflight_startups\startup_stm32f10x_md.s
   Uses
      At line 81 in file src\baseflight_startups\startup_stm32f10x_md.s
      At line 229 in file src\baseflight_startups\startup_stm32f10x_md.s

TIM1_BRK_IRQHandler 00000052

Symbol: TIM1_BRK_IRQHandler
   Definitions
      At line 295 in file src\baseflight_startups\startup_stm32f10x_md.s
   Uses
      At line 103 in file src\baseflight_startups\startup_stm32f10x_md.s
      At line 251 in file src\baseflight_startups\startup_stm32f10x_md.s

TIM1_CC_IRQHandler 00000052

Symbol: TIM1_CC_IRQHandler
   Definitions
      At line 298 in file src\baseflight_startups\startup_stm32f10x_md.s
   Uses
      At line 106 in file src\baseflight_startups\startup_stm32f10x_md.s
      At line 254 in file src\baseflight_startups\startup_stm32f10x_md.s

TIM1_TRG_COM_IRQHandler 00000052

Symbol: TIM1_TRG_COM_IRQHandler
   Definitions
      At line 297 in file src\baseflight_startups\startup_stm32f10x_md.s
   Uses
      At line 105 in file src\baseflight_startups\startup_stm32f10x_md.s
      At line 253 in file src\baseflight_startups\startup_stm32f10x_md.s

TIM1_UP_IRQHandler 00000052

Symbol: TIM1_UP_IRQHandler
   Definitions
      At line 296 in file src\baseflight_startups\startup_stm32f10x_md.s
   Uses
      At line 104 in file src\baseflight_startups\startup_stm32f10x_md.s
      At line 252 in file src\baseflight_startups\startup_stm32f10x_md.s

TIM2_IRQHandler 00000052

Symbol: TIM2_IRQHandler
   Definitions
      At line 299 in file src\baseflight_startups\startup_stm32f10x_md.s
   Uses
      At line 107 in file src\baseflight_startups\startup_stm32f10x_md.s
      At line 255 in file src\baseflight_startups\startup_stm32f10x_md.s

TIM3_IRQHandler 00000052



ARM Macro Assembler    Page 8 Alphabetic symbol ordering
Relocatable symbols


Symbol: TIM3_IRQHandler
   Definitions
      At line 300 in file src\baseflight_startups\startup_stm32f10x_md.s
   Uses
      At line 108 in file src\baseflight_startups\startup_stm32f10x_md.s
      At line 256 in file src\baseflight_startups\startup_stm32f10x_md.s

TIM4_IRQHandler 00000052

Symbol: TIM4_IRQHandler
   Definitions
      At line 301 in file src\baseflight_startups\startup_stm32f10x_md.s
   Uses
      At line 109 in file src\baseflight_startups\startup_stm32f10x_md.s
      At line 257 in file src\baseflight_startups\startup_stm32f10x_md.s

USART1_IRQHandler 00000052

Symbol: USART1_IRQHandler
   Definitions
      At line 308 in file src\baseflight_startups\startup_stm32f10x_md.s
   Uses
      At line 116 in file src\baseflight_startups\startup_stm32f10x_md.s
      At line 264 in file src\baseflight_startups\startup_stm32f10x_md.s

USART2_IRQHandler 00000052

Symbol: USART2_IRQHandler
   Definitions
      At line 309 in file src\baseflight_startups\startup_stm32f10x_md.s
   Uses
      At line 117 in file src\baseflight_startups\startup_stm32f10x_md.s
      At line 265 in file src\baseflight_startups\startup_stm32f10x_md.s

USART3_IRQHandler 00000052

Symbol: USART3_IRQHandler
   Definitions
      At line 310 in file src\baseflight_startups\startup_stm32f10x_md.s
   Uses
      At line 118 in file src\baseflight_startups\startup_stm32f10x_md.s
      At line 266 in file src\baseflight_startups\startup_stm32f10x_md.s

USBWakeUp_IRQHandler 00000052

Symbol: USBWakeUp_IRQHandler
   Definitions
      At line 313 in file src\baseflight_startups\startup_stm32f10x_md.s
   Uses
      At line 121 in file src\baseflight_startups\startup_stm32f10x_md.s
      At line 269 in file src\baseflight_startups\startup_stm32f10x_md.s

USB_HP_CAN1_TX_IRQHandler 00000052

Symbol: USB_HP_CAN1_TX_IRQHandler
   Definitions
      At line 290 in file src\baseflight_startups\startup_stm32f10x_md.s
   Uses



ARM Macro Assembler    Page 9 Alphabetic symbol ordering
Relocatable symbols

      At line 98 in file src\baseflight_startups\startup_stm32f10x_md.s
      At line 246 in file src\baseflight_startups\startup_stm32f10x_md.s

USB_LP_CAN1_RX0_IRQHandler 00000052

Symbol: USB_LP_CAN1_RX0_IRQHandler
   Definitions
      At line 291 in file src\baseflight_startups\startup_stm32f10x_md.s
   Uses
      At line 99 in file src\baseflight_startups\startup_stm32f10x_md.s
      At line 247 in file src\baseflight_startups\startup_stm32f10x_md.s

UsageFault_Handler 00000048

Symbol: UsageFault_Handler
   Definitions
      At line 203 in file src\baseflight_startups\startup_stm32f10x_md.s
   Uses
      At line 67 in file src\baseflight_startups\startup_stm32f10x_md.s
      At line 204 in file src\baseflight_startups\startup_stm32f10x_md.s

WWDG_IRQHandler 00000052

Symbol: WWDG_IRQHandler
   Definitions
      At line 271 in file src\baseflight_startups\startup_stm32f10x_md.s
   Uses
      At line 79 in file src\baseflight_startups\startup_stm32f10x_md.s
      At line 227 in file src\baseflight_startups\startup_stm32f10x_md.s

56 symbols



ARM Macro Assembler    Page 1 Alphabetic symbol ordering
Absolute symbols

AFIO_MAPR 40010004

Symbol: AFIO_MAPR
   Definitions
      At line 149 in file src\baseflight_startups\startup_stm32f10x_md.s
   Uses
      At line 159 in file src\baseflight_startups\startup_stm32f10x_md.s
Comment: AFIO_MAPR used once
GPIOB_BRR 40010C14

Symbol: GPIOB_BRR
   Definitions
      At line 148 in file src\baseflight_startups\startup_stm32f10x_md.s
   Uses
      At line 167 in file src\baseflight_startups\startup_stm32f10x_md.s
Comment: GPIOB_BRR used once
GPIOB_CRL 40010C00

Symbol: GPIOB_CRL
   Definitions
      At line 147 in file src\baseflight_startups\startup_stm32f10x_md.s
   Uses
      At line 171 in file src\baseflight_startups\startup_stm32f10x_md.s
Comment: GPIOB_CRL used once
GPIO_AFIO_MASK 00000009

Symbol: GPIO_AFIO_MASK
   Definitions
      At line 146 in file src\baseflight_startups\startup_stm32f10x_md.s
   Uses
      At line 156 in file src\baseflight_startups\startup_stm32f10x_md.s
Comment: GPIO_AFIO_MASK used once
Heap_Size 00000200

Symbol: Heap_Size
   Definitions
      At line 44 in file src\baseflight_startups\startup_stm32f10x_md.s
   Uses
      At line 48 in file src\baseflight_startups\startup_stm32f10x_md.s
Comment: Heap_Size used once
RCC_APB2ENR 40021018

Symbol: RCC_APB2ENR
   Definitions
      At line 145 in file src\baseflight_startups\startup_stm32f10x_md.s
   Uses
      At line 155 in file src\baseflight_startups\startup_stm32f10x_md.s
Comment: RCC_APB2ENR used once
Stack_Size 00001000

Symbol: Stack_Size
   Definitions
      At line 33 in file src\baseflight_startups\startup_stm32f10x_md.s
   Uses
      At line 36 in file src\baseflight_startups\startup_stm32f10x_md.s
Comment: Stack_Size used once
__Vectors_Size 000000EC

Symbol: __Vectors_Size



ARM Macro Assembler    Page 2 Alphabetic symbol ordering
Absolute symbols

   Definitions
      At line 124 in file src\baseflight_startups\startup_stm32f10x_md.s
   Uses
      At line 59 in file src\baseflight_startups\startup_stm32f10x_md.s
Comment: __Vectors_Size used once
8 symbols



ARM Macro Assembler    Page 1 Alphabetic symbol ordering
External symbols

SystemInit 00000000

Symbol: SystemInit
   Definitions
      At line 132 in file src\baseflight_startups\startup_stm32f10x_md.s
   Uses
      At line 139 in file src\baseflight_startups\startup_stm32f10x_md.s
Comment: SystemInit used once
__main 00000000

Symbol: __main
   Definitions
      At line 131 in file src\baseflight_startups\startup_stm32f10x_md.s
   Uses
      At line 141 in file src\baseflight_startups\startup_stm32f10x_md.s
Comment: __main used once
2 symbols
409 symbols in table
